INFO>
INFO>Packaging SpirentTestCenter...
INFO>
INFO>Opening Sql database (pv_inventory)...
INFO>Connected to 10.100.102.1.
INFO>Connected to 10.100.102.2.
INFO>Connected to 10.100.102.3.
INFO>Connected to 10.100.102.4.
INFO>Connected to 10.100.102.5.
INFO>Connected to 10.100.102.6.
INFO>Connected to 10.100.107.2.
INFO>Connected to 10.100.108.1.
INFO>Connected to 10.100.123.1.
INFO>Connected to 10.100.126.100.
INFO>Connected to 10.100.141.1.
INFO>Connected to 10.100.143.1.
INFO>Connected to 10.100.144.1.
INFO>Connected to 10.100.144.2.
INFO>Connected to 10.100.148.2.
INFO>Connected to 10.100.149.1.
INFO>Connected to 10.100.149.2.
INFO>Connected to 10.100.152.1.
INFO>Connected to 10.100.153.1.
INFO>Connected to 10.100.153.2.
INFO>Connected to 10.100.153.3.
INFO>Connected to 10.100.153.4.
INFO>Connected to 10.100.153.5.
INFO>Connected to 10.100.154.1.
INFO>Connected to 10.100.154.3.
INFO>Connected to 10.100.154.5.
INFO>Connected to 10.100.154.6.
INFO>Connected to 10.100.154.7.
INFO>Connected to 10.100.157.100.
INFO>Connected to 10.100.157.101.
INFO>Connected to 10.100.158.1.
INFO>Connected to 10.100.158.100.
INFO>Connected to 10.100.158.101.
INFO>Connected to 10.100.18.178.
INFO>Connected to 10.100.19.105.
INFO>Connected to 10.100.19.110.
INFO>Connected to 10.100.19.213.
INFO>Connected to 10.100.19.248.
INFO>Connected to 10.100.20.118.
INFO>Connected to 10.100.20.119.
INFO>Connected to 10.100.20.135.
INFO>Connected to 10.100.20.147.
INFO>Connected to 10.100.20.167.
INFO>Connected to 10.100.20.169.
INFO>Connected to 10.100.20.17.
INFO>Connected to 10.100.20.217.
INFO>Connected to 10.100.20.227.
INFO>Connected to 10.100.20.228.
INFO>Connected to 10.100.20.238.
INFO>Connected to 10.100.20.35.
INFO>Connected to 10.100.20.45.
INFO>Connected to 10.100.20.46.
INFO>Connected to 10.100.20.47.
INFO>Connected to 10.100.20.50.
INFO>Connected to 10.100.20.53.
INFO>Connected to 10.100.20.60.
INFO>Connected to 10.100.20.61.
INFO>Connected to 10.100.20.7.
INFO>Connected to 10.100.20.78.
INFO>Connected to 10.100.20.8.
INFO>Connected to 10.100.20.92.
INFO>Connected to 10.100.20.93.
INFO>Connected to 10.14.16.20.
INFO>Connected to 10.14.16.21.
INFO>Connected to 10.14.16.22.
INFO>Connected to 10.14.16.23.
INFO>Connected to 10.14.16.24.
INFO>Connected to 10.14.16.25.
INFO>Connected to 10.14.16.26.
INFO>Connected to 10.14.16.27.
INFO>Connected to 10.14.17.18.
INFO>Connected to 10.14.17.218.
INFO>Connected to 10.14.17.219.
INFO>Connected to 10.14.17.91.
INFO>Connected to 10.14.17.94.
INFO>Connected to 10.14.17.95.
INFO>Connected to 10.14.17.99.
INFO>Connected to 10.14.18.12.
INFO>Connected to 10.14.18.15.
INFO>Connected to 10.14.18.16.
INFO>Connected to 10.14.18.19.
INFO>Connected to 10.14.18.28.
INFO>Connected to 10.14.18.29.
INFO>Connected to 10.14.18.32.
INFO>Connected to 10.14.18.35.
INFO>Connected to 10.14.18.80.
INFO>Connected to 10.14.19.202.
INFO>Connected to 10.14.19.210.
INFO>Connected to 10.14.19.44.
INFO>Connected to 10.14.19.45.
INFO>Connected to 10.14.19.49.
INFO>Connected to 10.14.19.50.
INFO>Connected to 10.14.19.51.
INFO>Connected to 10.14.19.53.
INFO>Connected to 10.14.19.55.
INFO>Connected to 10.14.19.57.
INFO>Connected to 10.14.19.59.
INFO>Connected to 10.14.19.60.
INFO>Connected to 10.14.19.63.
INFO>Connected to 10.47.40.11.
INFO>Connected to 10.47.40.12.
INFO>Connected to 10.47.52.11.
INFO>Connected to 10.47.59.20.
INFO>Connected to 10.47.70.30.
INFO>Connected to 10.47.70.60.
INFO>Connected to 10.47.73.51.
INFO>Connected to 10.47.73.52.
INFO>Connected to 10.47.76.30.
INFO>Connected to 10.47.79.50.
INFO>Connected to 10.47.98.10.
INFO>Connected to 10.47.98.20.
INFO>Connected to 10.6.2.127.
INFO>Connected to 10.6.2.173.
INFO>Connected to 10.6.2.186.
INFO>Connected to 10.6.2.191.
INFO>Connected to 10.6.2.21.
INFO>Connected to 10.6.2.211.
INFO>Connected to 10.6.2.245.
INFO>Connected to 10.6.2.247.
INFO>Connected to 10.6.2.28.
INFO>Connected to 10.6.2.29.
INFO>Connected to 10.6.2.32.
INFO>Connected to 10.6.2.68.
INFO>Connected to 10.6.2.86.
INFO>Connected to 10.6.2.87.
INFO>Connected to 10.61.36.100.
INFO>Connected to 10.61.37.10.
INFO>Connected to 10.61.37.2.
INFO>Connected to 10.61.37.22.
INFO>Connected to 10.61.37.23.
INFO>Connected to 10.61.37.3.
INFO>Connected to 10.61.37.4.
INFO>Connected to 10.61.37.5.
INFO>Connected to 10.61.38.192.
INFO>Connected to 10.61.40.17.
INFO>Connected to 10.61.40.192.
INFO>10.100.102.1
INFO>
INFO>Temperature sensor info...
INFO>
INFO>
INFO>Power supply info...
INFO>
INFO>
INFO>Fan info...
INFO>
INFO>UPDATE data to stc_information...
INFO>10.100.102.2
INFO>
INFO>Temperature sensor info...
INFO>
INFO>
INFO>Power supply info...
INFO>
INFO>
INFO>Fan info...
INFO>
INFO>INSERT data to stc_information...
INFO>10.100.102.3
INFO>
INFO>Temperature sensor info...
INFO>
INFO>
INFO>Power supply info...
INFO>
INFO>
INFO>Fan info...
INFO>
INFO>UPDATE data to stc_information...
INFO>10.100.102.4
INFO>
INFO>Temperature sensor info...
INFO>
INFO>
INFO>Power supply info...
INFO>
INFO>
INFO>Fan info...
INFO>
INFO>UPDATE data to stc_information...
INFO>10.100.102.5
INFO>
INFO>Temperature sensor info...
INFO>
INFO>
INFO>Power supply info...
INFO>
INFO>
INFO>Fan info...
INFO>
INFO>INSERT data to stc_information...
INFO>10.100.102.6
INFO>
INFO>Temperature sensor info...
INFO>
INFO>
INFO>Power supply info...
INFO>
INFO>
INFO>Fan info...
INFO>
INFO>UPDATE data to stc_information...
INFO>10.100.107.2
INFO>
INFO>Temperature sensor info...
INFO>
INFO>
INFO>Power supply info...
INFO>
INFO>
INFO>Fan info...
INFO>
INFO>UPDATE data to stc_information...
INFO>10.100.108.1
INFO>
INFO>Temperature sensor info...
INFO>
INFO>
INFO>Power supply info...
INFO>
INFO>
INFO>Fan info...
INFO>
INFO>UPDATE data to stc_information...
INFO>10.100.123.1
INFO>
INFO>Temperature sensor info...
INFO>
INFO>
INFO>Power supply info...
INFO>
INFO>
INFO>Fan info...
INFO>
INFO>UPDATE data to stc_information...
INFO>10.100.126.100
INFO>
INFO>Temperature sensor info...
INFO>
INFO>
INFO>Power supply info...
INFO>
INFO>
INFO>Fan info...
INFO>
INFO>INSERT data to stc_information...
INFO>10.100.141.1
INFO>
INFO>Temperature sensor info...
INFO>
INFO>
INFO>Power supply info...
INFO>
INFO>
INFO>Fan info...
INFO>
INFO>UPDATE data to stc_information...
INFO>10.100.143.1
INFO>
INFO>Temperature sensor info...
INFO>
INFO>
INFO>Power supply info...
INFO>
INFO>
INFO>Fan info...
INFO>
INFO>UPDATE data to stc_information...
INFO>10.100.144.1
INFO>
INFO>Temperature sensor info...
INFO>
INFO>
INFO>Power supply info...
INFO>
INFO>
INFO>Fan info...
INFO>
INFO>UPDATE data to stc_information...
INFO>10.100.144.2
INFO>
INFO>Temperature sensor info...
INFO>
INFO>
INFO>Power supply info...
INFO>
INFO>
INFO>Fan info...
INFO>
INFO>UPDATE data to stc_information...
INFO>10.100.148.2
INFO>
INFO>Temperature sensor info...
INFO>
INFO>
INFO>Power supply info...
INFO>
INFO>
INFO>Fan info...
INFO>
INFO>UPDATE data to stc_information...
INFO>10.100.149.1
INFO>
INFO>Temperature sensor info...
INFO>
INFO>
INFO>Power supply info...
INFO>
INFO>
INFO>Fan info...
INFO>
INFO>UPDATE data to stc_information...
INFO>10.100.149.2
INFO>
INFO>Temperature sensor info...
INFO>
INFO>
INFO>Power supply info...
INFO>
INFO>
INFO>Fan info...
INFO>
INFO>UPDATE data to stc_information...
INFO>10.100.152.1
INFO>
INFO>Temperature sensor info...
INFO>
INFO>
INFO>Power supply info...
INFO>
INFO>
INFO>Fan info...
INFO>
INFO>UPDATE data to stc_information...
INFO>10.100.153.1
INFO>
INFO>Temperature sensor info...
INFO>
INFO>
INFO>Power supply info...
INFO>
INFO>
INFO>Fan info...
INFO>
INFO>UPDATE data to stc_information...
INFO>10.100.153.2
INFO>
INFO>Temperature sensor info...
INFO>
INFO>
INFO>Power supply info...
INFO>
INFO>
INFO>Fan info...
INFO>
INFO>UPDATE data to stc_information...
INFO>10.100.153.3
INFO>
INFO>Temperature sensor info...
INFO>
INFO>
INFO>Power supply info...
INFO>
INFO>
INFO>Fan info...
INFO>
INFO>UPDATE data to stc_information...
INFO>10.100.153.4
INFO>
INFO>Temperature sensor info...
INFO>
INFO>
INFO>Power supply info...
INFO>
INFO>
INFO>Fan info...
INFO>
INFO>UPDATE data to stc_information...
INFO>10.100.153.5
INFO>
INFO>Temperature sensor info...
INFO>
INFO>
INFO>Power supply info...
INFO>
INFO>
INFO>Fan info...
INFO>
INFO>UPDATE data to stc_information...
INFO>10.100.154.1
INFO>
INFO>Temperature sensor info...
INFO>
INFO>
INFO>Power supply info...
INFO>
INFO>
INFO>Fan info...
INFO>
INFO>UPDATE data to stc_information...
INFO>10.100.154.3
INFO>
INFO>Temperature sensor info...
INFO>
INFO>
INFO>Power supply info...
INFO>
INFO>
INFO>Fan info...
INFO>
INFO>UPDATE data to stc_information...
INFO>10.100.154.5
INFO>
INFO>Temperature sensor info...
INFO>
INFO>
INFO>Power supply info...
INFO>
INFO>
INFO>Fan info...
INFO>
INFO>UPDATE data to stc_information...
INFO>10.100.154.6
INFO>
INFO>Temperature sensor info...
INFO>
INFO>
INFO>Power supply info...
INFO>
INFO>
INFO>Fan info...
INFO>
INFO>UPDATE data to stc_information...
INFO>10.100.154.7
INFO>
INFO>Temperature sensor info...
INFO>
INFO>
INFO>Power supply info...
INFO>
INFO>
INFO>Fan info...
INFO>
INFO>UPDATE data to stc_information...
INFO>10.100.157.100
INFO>
INFO>Temperature sensor info...
INFO>
INFO>
INFO>Power supply info...
INFO>
INFO>
INFO>Fan info...
INFO>
INFO>UPDATE data to stc_information...
INFO>10.100.157.101
INFO>
INFO>Temperature sensor info...
INFO>
INFO>
INFO>Power supply info...
INFO>
INFO>
INFO>Fan info...
INFO>
INFO>UPDATE data to stc_information...
INFO>10.100.158.1
INFO>
INFO>Temperature sensor info...
INFO>
INFO>
INFO>Power supply info...
INFO>
INFO>
INFO>Fan info...
INFO>
INFO>UPDATE data to stc_information...
INFO>10.100.158.100
INFO>
INFO>Temperature sensor info...
INFO>
INFO>
INFO>Power supply info...
INFO>
INFO>
INFO>Fan info...
INFO>
INFO>UPDATE data to stc_information...
INFO>10.100.158.101
INFO>
INFO>Temperature sensor info...
INFO>
INFO>
INFO>Power supply info...
INFO>
INFO>
INFO>Fan info...
INFO>
INFO>UPDATE data to stc_information...
INFO>10.100.18.178
INFO>
INFO>Temperature sensor info...
INFO>
INFO>
INFO>Power supply info...
INFO>
INFO>
INFO>Fan info...
INFO>
INFO>INSERT data to stc_information...
INFO>10.100.19.105
INFO>
INFO>Temperature sensor info...
INFO>
INFO>
INFO>Power supply info...
INFO>
INFO>
INFO>Fan info...
INFO>
INFO>UPDATE data to stc_information...
INFO>10.100.19.110
INFO>
INFO>Temperature sensor info...
INFO>
INFO>
INFO>Power supply info...
INFO>
INFO>
INFO>Fan info...
INFO>
INFO>UPDATE data to stc_information...
INFO>10.100.19.213
INFO>
INFO>Temperature sensor info...
INFO>
INFO>
INFO>Power supply info...
INFO>
INFO>
INFO>Fan info...
INFO>
INFO>INSERT data to stc_information...
INFO>10.100.19.248
INFO>
INFO>Temperature sensor info...
INFO>
INFO>
INFO>Power supply info...
INFO>
INFO>
INFO>Fan info...
INFO>
INFO>UPDATE data to stc_information...
INFO>10.100.20.118
INFO>
INFO>Temperature sensor info...
INFO>
INFO>
INFO>Power supply info...
INFO>
INFO>
INFO>Fan info...
INFO>
INFO>UPDATE data to stc_information...
INFO>10.100.20.119
INFO>
INFO>Temperature sensor info...
INFO>
INFO>
INFO>Power supply info...
INFO>
INFO>
INFO>Fan info...
INFO>
INFO>INSERT data to stc_information...
INFO>10.100.20.135
INFO>
INFO>Temperature sensor info...
INFO>
INFO>
INFO>Power supply info...
INFO>
INFO>
INFO>Fan info...
INFO>
INFO>INSERT data to stc_information...
INFO>10.100.20.147
INFO>
INFO>Temperature sensor info...
INFO>
INFO>
INFO>Power supply info...
INFO>
INFO>
INFO>Fan info...
INFO>
INFO>UPDATE data to stc_information...
INFO>10.100.20.167
INFO>
INFO>Temperature sensor info...
INFO>
INFO>
INFO>Power supply info...
INFO>
INFO>
INFO>Fan info...
INFO>
INFO>UPDATE data to stc_information...
INFO>10.100.20.169
INFO>
INFO>Temperature sensor info...
INFO>
INFO>
INFO>Power supply info...
INFO>
INFO>
INFO>Fan info...
INFO>
INFO>INSERT data to stc_information...
INFO>10.100.20.17
INFO>
INFO>Temperature sensor info...
INFO>
INFO>
INFO>Power supply info...
INFO>
INFO>
INFO>Fan info...
INFO>
INFO>UPDATE data to stc_information...
INFO>10.100.20.217
INFO>
INFO>Temperature sensor info...
INFO>
INFO>
INFO>Power supply info...
INFO>
INFO>
INFO>Fan info...
INFO>
INFO>INSERT data to stc_information...
INFO>10.100.20.227
INFO>
INFO>Temperature sensor info...
INFO>
INFO>
INFO>Power supply info...
INFO>
INFO>
INFO>Fan info...
INFO>
INFO>UPDATE data to stc_information...
INFO>10.100.20.228
INFO>
INFO>Temperature sensor info...
INFO>
INFO>
INFO>Power supply info...
INFO>
INFO>
INFO>Fan info...
INFO>
INFO>INSERT data to stc_information...
INFO>10.100.20.238
INFO>
INFO>Temperature sensor info...
INFO>
INFO>
INFO>Power supply info...
INFO>
INFO>
INFO>Fan info...
INFO>
INFO>INSERT data to stc_information...
INFO>10.100.20.35
INFO>
INFO>Temperature sensor info...
INFO>
INFO>
INFO>Power supply info...
INFO>
INFO>
INFO>Fan info...
INFO>
INFO>UPDATE data to stc_information...
INFO>10.100.20.45
INFO>
INFO>Temperature sensor info...
INFO>
INFO>
INFO>Power supply info...
INFO>
INFO>
INFO>Fan info...
INFO>
INFO>UPDATE data to stc_information...
INFO>10.100.20.46
INFO>
INFO>Temperature sensor info...
INFO>
INFO>
INFO>Power supply info...
INFO>
INFO>
INFO>Fan info...
INFO>
INFO>INSERT data to stc_information...
INFO>10.100.20.47
INFO>
INFO>Temperature sensor info...
INFO>
INFO>
INFO>Power supply info...
INFO>
INFO>
INFO>Fan info...
INFO>
INFO>UPDATE data to stc_information...
INFO>10.100.20.50
INFO>
INFO>Temperature sensor info...
INFO>
INFO>
INFO>Power supply info...
INFO>
INFO>
INFO>Fan info...
INFO>
INFO>INSERT data to stc_information...
INFO>10.100.20.53
INFO>
INFO>Temperature sensor info...
INFO>
INFO>
INFO>Power supply info...
INFO>
INFO>
INFO>Fan info...
INFO>
INFO>UPDATE data to stc_information...
INFO>10.100.20.60
INFO>
INFO>Temperature sensor info...
INFO>
INFO>
INFO>Power supply info...
INFO>
INFO>
INFO>Fan info...
INFO>
INFO>UPDATE data to stc_information...
INFO>10.100.20.61
INFO>
INFO>Temperature sensor info...
INFO>
INFO>
INFO>Power supply info...
INFO>
INFO>
INFO>Fan info...
INFO>
INFO>UPDATE data to stc_information...
INFO>10.100.20.7
INFO>
INFO>Temperature sensor info...
INFO>
INFO>
INFO>Power supply info...
INFO>
INFO>
INFO>Fan info...
INFO>
INFO>UPDATE data to stc_information...
INFO>10.100.20.78
INFO>
INFO>Temperature sensor info...
INFO>
INFO>
INFO>Power supply info...
INFO>
INFO>
INFO>Fan info...
INFO>
INFO>UPDATE data to stc_information...
INFO>10.100.20.8
INFO>
INFO>Temperature sensor info...
INFO>
INFO>
INFO>Power supply info...
INFO>
INFO>
INFO>Fan info...
INFO>
INFO>UPDATE data to stc_information...
INFO>10.100.20.92
INFO>
INFO>Temperature sensor info...
INFO>
INFO>
INFO>Power supply info...
INFO>
INFO>
INFO>Fan info...
INFO>
INFO>INSERT data to stc_information...
INFO>10.100.20.93
INFO>
INFO>Temperature sensor info...
INFO>
INFO>
INFO>Power supply info...
INFO>
INFO>
INFO>Fan info...
INFO>
INFO>INSERT data to stc_information...
INFO>10.14.16.20
INFO>
INFO>Temperature sensor info...
INFO>
INFO>
INFO>Power supply info...
INFO>
INFO>
INFO>Fan info...
INFO>
INFO>INSERT data to stc_information...
INFO>10.14.16.21
INFO>
INFO>Temperature sensor info...
INFO>
INFO>
INFO>Power supply info...
INFO>
INFO>
INFO>Fan info...
INFO>
INFO>UPDATE data to stc_information...
INFO>10.14.16.22
INFO>
INFO>Temperature sensor info...
INFO>
INFO>
INFO>Power supply info...
INFO>
INFO>
INFO>Fan info...
INFO>
INFO>UPDATE data to stc_information...
INFO>10.14.16.23
INFO>
INFO>Temperature sensor info...
INFO>
INFO>
INFO>Power supply info...
INFO>
INFO>
INFO>Fan info...
INFO>
INFO>UPDATE data to stc_information...
INFO>10.14.16.24
INFO>
INFO>Temperature sensor info...
INFO>
INFO>
INFO>Power supply info...
INFO>
INFO>
INFO>Fan info...
INFO>
INFO>INSERT data to stc_information...
INFO>10.14.16.25
INFO>
INFO>Temperature sensor info...
INFO>
INFO>
INFO>Power supply info...
INFO>
INFO>
INFO>Fan info...
INFO>
INFO>UPDATE data to stc_information...
INFO>10.14.16.26
INFO>
INFO>Temperature sensor info...
INFO>
INFO>
INFO>Power supply info...
INFO>
INFO>
INFO>Fan info...
INFO>
INFO>UPDATE data to stc_information...
INFO>10.14.16.27
INFO>
INFO>Temperature sensor info...
INFO>
INFO>
INFO>Power supply info...
INFO>
INFO>
INFO>Fan info...
INFO>
INFO>UPDATE data to stc_information...
INFO>10.14.17.18
INFO>
INFO>Temperature sensor info...
INFO>
INFO>
INFO>Power supply info...
INFO>
INFO>
INFO>Fan info...
INFO>
INFO>UPDATE data to stc_information...
INFO>10.14.17.218
INFO>
INFO>Temperature sensor info...
INFO>
INFO>
INFO>Power supply info...
INFO>
INFO>
INFO>Fan info...
INFO>
INFO>UPDATE data to stc_information...
INFO>10.14.17.219
INFO>
INFO>Temperature sensor info...
INFO>
INFO>
INFO>Power supply info...
INFO>
INFO>
INFO>Fan info...
INFO>
INFO>UPDATE data to stc_information...
INFO>10.14.17.91
INFO>
INFO>Temperature sensor info...
INFO>
INFO>
INFO>Power supply info...
INFO>
INFO>
INFO>Fan info...
INFO>
INFO>UPDATE data to stc_information...
INFO>10.14.17.94
INFO>
INFO>Temperature sensor info...
INFO>
INFO>
INFO>Power supply info...
INFO>
INFO>
INFO>Fan info...
INFO>
INFO>UPDATE data to stc_information...
INFO>10.14.17.95
INFO>
INFO>Temperature sensor info...
INFO>
INFO>
INFO>Power supply info...
INFO>
INFO>
INFO>Fan info...
INFO>
INFO>UPDATE data to stc_information...
INFO>10.14.17.99
INFO>
INFO>Temperature sensor info...
INFO>
INFO>
INFO>Power supply info...
INFO>
INFO>
INFO>Fan info...
INFO>
INFO>UPDATE data to stc_information...
INFO>10.14.18.12
INFO>
INFO>Temperature sensor info...
INFO>
INFO>
INFO>Power supply info...
INFO>
INFO>
INFO>Fan info...
INFO>
INFO>UPDATE data to stc_information...
INFO>10.14.18.15
INFO>
INFO>Temperature sensor info...
INFO>
INFO>
INFO>Power supply info...
INFO>
INFO>
INFO>Fan info...
INFO>
INFO>UPDATE data to stc_information...
INFO>10.14.18.16
INFO>
INFO>Temperature sensor info...
INFO>
INFO>
INFO>Power supply info...
INFO>
INFO>
INFO>Fan info...
INFO>
INFO>UPDATE data to stc_information...
INFO>10.14.18.19
INFO>
INFO>Temperature sensor info...
INFO>
INFO>
INFO>Power supply info...
INFO>
INFO>
INFO>Fan info...
INFO>
INFO>UPDATE data to stc_information...
INFO>10.14.18.28
INFO>
INFO>Temperature sensor info...
INFO>
INFO>
INFO>Power supply info...
INFO>
INFO>
INFO>Fan info...
INFO>
INFO>UPDATE data to stc_information...
INFO>10.14.18.29
INFO>
INFO>Temperature sensor info...
INFO>
INFO>
INFO>Power supply info...
INFO>
INFO>
INFO>Fan info...
INFO>
INFO>UPDATE data to stc_information...
INFO>10.14.18.32
INFO>
INFO>Temperature sensor info...
INFO>
INFO>
INFO>Power supply info...
INFO>
INFO>
INFO>Fan info...
INFO>
INFO>UPDATE data to stc_information...
INFO>10.14.18.35
INFO>
INFO>Temperature sensor info...
INFO>
INFO>
INFO>Power supply info...
INFO>
INFO>
INFO>Fan info...
INFO>
INFO>UPDATE data to stc_information...
INFO>10.14.18.80
INFO>
INFO>Temperature sensor info...
INFO>
INFO>
INFO>Power supply info...
INFO>
INFO>
INFO>Fan info...
INFO>
INFO>UPDATE data to stc_information...
INFO>10.14.19.202
INFO>
INFO>Temperature sensor info...
INFO>
INFO>
INFO>Power supply info...
INFO>
INFO>
INFO>Fan info...
INFO>
INFO>INSERT data to stc_information...
INFO>10.14.19.210
INFO>
INFO>Temperature sensor info...
INFO>
INFO>
INFO>Power supply info...
INFO>
INFO>
INFO>Fan info...
INFO>
INFO>UPDATE data to stc_information...
INFO>10.14.19.44
INFO>
INFO>Temperature sensor info...
INFO>
INFO>
INFO>Power supply info...
INFO>
INFO>
INFO>Fan info...
INFO>
INFO>INSERT data to stc_information...
INFO>10.14.19.45
INFO>
INFO>Temperature sensor info...
INFO>
INFO>
INFO>Power supply info...
INFO>
INFO>
INFO>Fan info...
INFO>
INFO>INSERT data to stc_information...
INFO>10.14.19.49
INFO>
INFO>Temperature sensor info...
INFO>
INFO>
INFO>Power supply info...
INFO>
INFO>
INFO>Fan info...
INFO>
INFO>INSERT data to stc_information...
INFO>10.14.19.50
INFO>
INFO>Temperature sensor info...
INFO>
INFO>
INFO>Power supply info...
INFO>
INFO>
INFO>Fan info...
INFO>
INFO>INSERT data to stc_information...
INFO>10.14.19.51
INFO>
INFO>Temperature sensor info...
INFO>
INFO>
INFO>Power supply info...
INFO>
INFO>
INFO>Fan info...
INFO>
INFO>INSERT data to stc_information...
INFO>10.14.19.53
INFO>
INFO>Temperature sensor info...
INFO>
INFO>
INFO>Power supply info...
INFO>
INFO>
INFO>Fan info...
INFO>
INFO>INSERT data to stc_information...
INFO>10.14.19.55
INFO>
INFO>Temperature sensor info...
INFO>
INFO>
INFO>Power supply info...
INFO>
INFO>
INFO>Fan info...
INFO>
INFO>INSERT data to stc_information...
INFO>10.14.19.57
INFO>
INFO>Temperature sensor info...
INFO>
INFO>
INFO>Power supply info...
INFO>
INFO>
INFO>Fan info...
INFO>
INFO>UPDATE data to stc_information...
INFO>10.14.19.59
INFO>
INFO>Temperature sensor info...
INFO>
INFO>
INFO>Power supply info...
INFO>
INFO>
INFO>Fan info...
INFO>
INFO>INSERT data to stc_information...
INFO>10.14.19.60
INFO>
INFO>Temperature sensor info...
INFO>
INFO>
INFO>Power supply info...
INFO>
INFO>
INFO>Fan info...
INFO>
INFO>INSERT data to stc_information...
INFO>10.14.19.63
INFO>
INFO>Temperature sensor info...
INFO>
INFO>
INFO>Power supply info...
INFO>
INFO>
INFO>Fan info...
INFO>
INFO>INSERT data to stc_information...
INFO>10.47.40.11
INFO>
INFO>Temperature sensor info...
INFO>
INFO>
INFO>Power supply info...
INFO>
INFO>
INFO>Fan info...
INFO>
INFO>UPDATE data to stc_information...
INFO>10.47.40.12
INFO>
INFO>Temperature sensor info...
INFO>
INFO>
INFO>Power supply info...
INFO>
INFO>
INFO>Fan info...
INFO>
INFO>UPDATE data to stc_information...
INFO>10.47.52.11
INFO>
INFO>Temperature sensor info...
INFO>
INFO>
INFO>Power supply info...
INFO>
INFO>
INFO>Fan info...
INFO>
INFO>INSERT data to stc_information...
INFO>10.47.59.20
INFO>
INFO>Temperature sensor info...
INFO>
INFO>
INFO>Power supply info...
INFO>
INFO>
INFO>Fan info...
INFO>
INFO>INSERT data to stc_information...
INFO>10.47.70.30
INFO>
INFO>Temperature sensor info...
INFO>
INFO>
INFO>Power supply info...
INFO>
INFO>
INFO>Fan info...
INFO>
INFO>UPDATE data to stc_information...
INFO>10.47.70.60
INFO>
INFO>Temperature sensor info...
INFO>
INFO>
INFO>Power supply info...
INFO>
INFO>
INFO>Fan info...
INFO>
INFO>UPDATE data to stc_information...
INFO>10.47.73.51
INFO>
INFO>Temperature sensor info...
INFO>
INFO>
INFO>Power supply info...
INFO>
INFO>
INFO>Fan info...
INFO>
INFO>UPDATE data to stc_information...
INFO>10.47.73.52
INFO>
INFO>Temperature sensor info...
INFO>
INFO>
INFO>Power supply info...
INFO>
INFO>
INFO>Fan info...
INFO>
INFO>INSERT data to stc_information...
INFO>10.47.76.30
INFO>
INFO>Temperature sensor info...
INFO>
INFO>
INFO>Power supply info...
INFO>
INFO>
INFO>Fan info...
INFO>
INFO>INSERT data to stc_information...
INFO>10.47.79.50
INFO>
INFO>Temperature sensor info...
INFO>
INFO>
INFO>Power supply info...
INFO>
INFO>
INFO>Fan info...
INFO>
INFO>INSERT data to stc_information...
INFO>10.47.98.10
INFO>
INFO>Temperature sensor info...
INFO>
INFO>
INFO>Power supply info...
INFO>
INFO>
INFO>Fan info...
INFO>
INFO>INSERT data to stc_information...
INFO>10.47.98.20
INFO>
INFO>Temperature sensor info...
INFO>
INFO>
INFO>Power supply info...
INFO>
INFO>
INFO>Fan info...
INFO>
INFO>UPDATE data to stc_information...
INFO>10.6.2.127
INFO>
INFO>Temperature sensor info...
INFO>
INFO>
INFO>Power supply info...
INFO>
INFO>
INFO>Fan info...
INFO>
INFO>UPDATE data to stc_information...
INFO>10.6.2.173
INFO>
INFO>Temperature sensor info...
INFO>
INFO>
INFO>Power supply info...
INFO>
INFO>
INFO>Fan info...
INFO>
INFO>UPDATE data to stc_information...
INFO>10.6.2.186
INFO>
INFO>Temperature sensor info...
INFO>
INFO>
INFO>Power supply info...
INFO>
INFO>
INFO>Fan info...
INFO>
INFO>UPDATE data to stc_information...
INFO>10.6.2.191
INFO>
INFO>Temperature sensor info...
INFO>
INFO>
INFO>Power supply info...
INFO>
INFO>
INFO>Fan info...
INFO>
INFO>UPDATE data to stc_information...
INFO>10.6.2.21
INFO>
INFO>Temperature sensor info...
INFO>
INFO>
INFO>Power supply info...
INFO>
INFO>
INFO>Fan info...
INFO>
INFO>UPDATE data to stc_information...
INFO>10.6.2.211
INFO>
INFO>Temperature sensor info...
INFO>
INFO>
INFO>Power supply info...
INFO>
INFO>
INFO>Fan info...
INFO>
INFO>UPDATE data to stc_information...
INFO>10.6.2.245
INFO>
INFO>Temperature sensor info...
INFO>
INFO>
INFO>Power supply info...
INFO>
INFO>
INFO>Fan info...
INFO>
INFO>UPDATE data to stc_information...
INFO>10.6.2.247
INFO>
INFO>Temperature sensor info...
INFO>
INFO>
INFO>Power supply info...
INFO>
INFO>
INFO>Fan info...
INFO>
INFO>UPDATE data to stc_information...
INFO>10.6.2.28
INFO>
INFO>Temperature sensor info...
INFO>
INFO>
INFO>Power supply info...
INFO>
INFO>
INFO>Fan info...
INFO>
INFO>UPDATE data to stc_information...
INFO>10.6.2.29
INFO>
INFO>Temperature sensor info...
INFO>
INFO>
INFO>Power supply info...
INFO>
INFO>
INFO>Fan info...
INFO>
INFO>UPDATE data to stc_information...
INFO>10.6.2.32
INFO>
INFO>Temperature sensor info...
INFO>
INFO>
INFO>Power supply info...
INFO>
INFO>
INFO>Fan info...
INFO>
INFO>UPDATE data to stc_information...
INFO>10.6.2.68
INFO>
INFO>Temperature sensor info...
INFO>
INFO>
INFO>Power supply info...
INFO>
INFO>
INFO>Fan info...
INFO>
INFO>UPDATE data to stc_information...
INFO>10.6.2.86
INFO>
INFO>Temperature sensor info...
INFO>
INFO>
INFO>Power supply info...
INFO>
INFO>
INFO>Fan info...
INFO>
INFO>UPDATE data to stc_information...
INFO>10.6.2.87
INFO>
INFO>Temperature sensor info...
INFO>
INFO>
INFO>Power supply info...
INFO>
INFO>
INFO>Fan info...
INFO>
INFO>UPDATE data to stc_information...
INFO>10.61.36.100
INFO>
INFO>Temperature sensor info...
INFO>
INFO>
INFO>Power supply info...
INFO>
INFO>
INFO>Fan info...
INFO>
INFO>UPDATE data to stc_information...
INFO>10.61.37.10
INFO>
INFO>Temperature sensor info...
INFO>
INFO>
INFO>Power supply info...
INFO>
INFO>
INFO>Fan info...
INFO>
INFO>UPDATE data to stc_information...
INFO>10.61.37.2
INFO>
INFO>Temperature sensor info...
INFO>
INFO>
INFO>Power supply info...
INFO>
INFO>
INFO>Fan info...
INFO>
INFO>UPDATE data to stc_information...
INFO>10.61.37.22
INFO>
INFO>Temperature sensor info...
INFO>
INFO>
INFO>Power supply info...
INFO>
INFO>
INFO>Fan info...
INFO>
INFO>UPDATE data to stc_information...
INFO>10.61.37.23
INFO>
INFO>Temperature sensor info...
INFO>
INFO>
INFO>Power supply info...
INFO>
INFO>
INFO>Fan info...
INFO>
INFO>UPDATE data to stc_information...
INFO>10.61.37.3
INFO>
INFO>Temperature sensor info...
INFO>
INFO>
INFO>Power supply info...
INFO>
INFO>
INFO>Fan info...
INFO>
INFO>UPDATE data to stc_information...
INFO>10.61.37.4
INFO>
INFO>Temperature sensor info...
INFO>
INFO>
INFO>Power supply info...
INFO>
INFO>
INFO>Fan info...
INFO>
INFO>UPDATE data to stc_information...
INFO>10.61.37.5
INFO>
INFO>Temperature sensor info...
INFO>
INFO>
INFO>Power supply info...
INFO>
INFO>
INFO>Fan info...
INFO>
INFO>UPDATE data to stc_information...
INFO>10.61.38.192
INFO>
INFO>Temperature sensor info...
INFO>
INFO>
INFO>Power supply info...
INFO>
INFO>
INFO>Fan info...
INFO>
INFO>UPDATE data to stc_information...
INFO>10.61.40.17
INFO>
INFO>Temperature sensor info...
INFO>
INFO>
INFO>Power supply info...
INFO>
INFO>
INFO>Fan info...
INFO>
INFO>UPDATE data to stc_information...
INFO>10.61.40.192
INFO>
INFO>Temperature sensor info...
INFO>
INFO>
INFO>Power supply info...
INFO>
INFO>
INFO>Fan info...
INFO>
INFO>UPDATE data to stc_information...
INFO>Disconnected from 10.100.102.1.
INFO>Disconnected from 10.100.102.2.
INFO>Disconnected from 10.100.102.3.
INFO>Disconnected from 10.100.102.4.
INFO>Disconnected from 10.100.102.5.
INFO>Disconnected from 10.100.102.6.
INFO>Disconnected from 10.100.107.2.
INFO>Disconnected from 10.100.108.1.
INFO>Disconnected from 10.100.123.1.
INFO>Disconnected from 10.100.126.100.
INFO>Disconnected from 10.100.141.1.
INFO>Disconnected from 10.100.143.1.
INFO>Disconnected from 10.100.144.1.
INFO>Disconnected from 10.100.144.2.
INFO>Disconnected from 10.100.148.2.
INFO>Disconnected from 10.100.149.1.
INFO>Disconnected from 10.100.149.2.
INFO>Disconnected from 10.100.152.1.
INFO>Disconnected from 10.100.153.1.
INFO>Disconnected from 10.100.153.2.
INFO>Disconnected from 10.100.153.3.
INFO>Disconnected from 10.100.153.4.
INFO>Disconnected from 10.100.153.5.
INFO>Disconnected from 10.100.154.1.
INFO>Disconnected from 10.100.154.3.
INFO>Disconnected from 10.100.154.5.
INFO>Disconnected from 10.100.154.6.
INFO>Disconnected from 10.100.154.7.
INFO>Disconnected from 10.100.157.100.
INFO>Disconnected from 10.100.157.101.
INFO>Disconnected from 10.100.158.1.
INFO>Disconnected from 10.100.158.100.
INFO>Disconnected from 10.100.158.101.
INFO>Disconnected from 10.100.18.178.
INFO>Disconnected from 10.100.19.105.
INFO>Disconnected from 10.100.19.110.
INFO>Disconnected from 10.100.19.213.
INFO>Disconnected from 10.100.19.248.
INFO>Disconnected from 10.100.20.118.
INFO>Disconnected from 10.100.20.119.
INFO>Disconnected from 10.100.20.135.
INFO>Disconnected from 10.100.20.147.
INFO>Disconnected from 10.100.20.167.
INFO>Disconnected from 10.100.20.169.
INFO>Disconnected from 10.100.20.17.
INFO>Disconnected from 10.100.20.217.
INFO>Disconnected from 10.100.20.227.
INFO>Disconnected from 10.100.20.228.
INFO>Disconnected from 10.100.20.238.
INFO>Disconnected from 10.100.20.35.
INFO>Disconnected from 10.100.20.45.
INFO>Disconnected from 10.100.20.46.
INFO>Disconnected from 10.100.20.47.
INFO>Disconnected from 10.100.20.50.
INFO>Disconnected from 10.100.20.53.
INFO>Disconnected from 10.100.20.60.
INFO>Disconnected from 10.100.20.61.
INFO>Disconnected from 10.100.20.7.
INFO>Disconnected from 10.100.20.78.
INFO>Disconnected from 10.100.20.8.
INFO>Disconnected from 10.100.20.92.
INFO>Disconnected from 10.100.20.93.
INFO>Disconnected from 10.14.16.20.
INFO>Disconnected from 10.14.16.21.
INFO>Disconnected from 10.14.16.22.
INFO>Disconnected from 10.14.16.23.
INFO>Disconnected from 10.14.16.24.
INFO>Disconnected from 10.14.16.25.
INFO>Disconnected from 10.14.16.26.
INFO>Disconnected from 10.14.16.27.
INFO>Disconnected from 10.14.17.18.
INFO>Disconnected from 10.14.17.218.
INFO>Disconnected from 10.14.17.219.
INFO>Disconnected from 10.14.17.91.
INFO>Disconnected from 10.14.17.94.
INFO>Disconnected from 10.14.17.95.
INFO>Disconnected from 10.14.17.99.
INFO>Disconnected from 10.14.18.12.
INFO>Disconnected from 10.14.18.15.
INFO>Disconnected from 10.14.18.16.
INFO>Disconnected from 10.14.18.19.
INFO>Disconnected from 10.14.18.28.
INFO>Disconnected from 10.14.18.29.
INFO>Disconnected from 10.14.18.32.
INFO>Disconnected from 10.14.18.35.
INFO>Disconnected from 10.14.18.80.
INFO>Disconnected from 10.14.19.202.
INFO>Disconnected from 10.14.19.210.
INFO>Disconnected from 10.14.19.44.
INFO>Disconnected from 10.14.19.45.
INFO>Disconnected from 10.14.19.49.
INFO>Disconnected from 10.14.19.50.
INFO>Disconnected from 10.14.19.51.
INFO>Disconnected from 10.14.19.53.
INFO>Disconnected from 10.14.19.55.
INFO>Disconnected from 10.14.19.57.
INFO>Disconnected from 10.14.19.59.
INFO>Disconnected from 10.14.19.60.
INFO>Disconnected from 10.14.19.63.
INFO>Disconnected from 10.47.40.11.
INFO>Disconnected from 10.47.40.12.
INFO>Disconnected from 10.47.52.11.
INFO>Disconnected from 10.47.59.20.
INFO>Disconnected from 10.47.70.30.
INFO>Disconnected from 10.47.70.60.
INFO>Disconnected from 10.47.73.51.
INFO>Disconnected from 10.47.73.52.
INFO>Disconnected from 10.47.76.30.
INFO>Disconnected from 10.47.79.50.
INFO>Disconnected from 10.47.98.10.
INFO>Disconnected from 10.47.98.20.
INFO>Disconnected from 10.6.2.127.
INFO>Disconnected from 10.6.2.173.
INFO>Disconnected from 10.6.2.186.
INFO>Disconnected from 10.6.2.191.
INFO>Disconnected from 10.6.2.21.
INFO>Disconnected from 10.6.2.211.
INFO>Disconnected from 10.6.2.245.
INFO>Disconnected from 10.6.2.247.
INFO>Disconnected from 10.6.2.28.
INFO>Disconnected from 10.6.2.29.
INFO>Disconnected from 10.6.2.32.
INFO>Disconnected from 10.6.2.68.
INFO>Disconnected from 10.6.2.86.
INFO>Disconnected from 10.6.2.87.
INFO>Disconnected from 10.61.36.100.
INFO>Disconnected from 10.61.37.10.
INFO>Disconnected from 10.61.37.2.
INFO>Disconnected from 10.61.37.22.
INFO>Disconnected from 10.61.37.23.
INFO>Disconnected from 10.61.37.3.
INFO>Disconnected from 10.61.37.4.
INFO>Disconnected from 10.61.37.5.
INFO>Disconnected from 10.61.38.192.
INFO>Disconnected from 10.61.40.17.
INFO>Disconnected from 10.61.40.192.
INFO>10:43:45.152 ERROR - Detected chassis 10.100.20.167 'bottom' power supply AC failure.  Please check that power supply is plugged in and working properly.
INFO>10:43:45.152 ERROR - Detected chassis 10.100.20.167 'bottom' power supply DC failure.  Please check that power supply is plugged in and working properly.
INFO>10:43:45.152 ERROR - Detected chassis 10.100.20.167 'bottom' power supply low voltage alarm.  Please check power supply.
INFO>10:43:53.293 ERROR - 10.100.20.227 The current chassis firmware with version 3.421.0133 is not supported. Please upgrade the chassis firmware to version 2.20.0000.
INFO>10:43:53.293 ERROR - chassis 10.100.20.227 temperature sensor BP1-3 has reached alarm level(overheating).  Please turn off chassis and check for proper ventilation.
INFO>10:44:21.308 ERROR - Detected chassis 10.100.20.92 'middle' power supply DC failure.  Please check that power supply is plugged in and working properly.
INFO>10:44:21.308 ERROR - Detected chassis 10.100.20.92 'middle' power supply fan failure.  Please check that power supply is plugged in and working properly.
INFO>10:44:22.793 ERROR - Detected chassis 10.100.20.93 'top' power supply AC failure.  Please check that power supply is plugged in and working properly.
INFO>10:44:22.793 ERROR - Detected chassis 10.100.20.93 'top' power supply DC failure.  Please check that power supply is plugged in and working properly.
INFO>10:44:22.793 ERROR - Detected chassis 10.100.20.93 'top' power supply low voltage alarm.  Please check power supply.
INFO>10:44:45.980 ERROR - 10.14.17.219 The current chassis firmware with version 3.601.0091 is not supported. Please upgrade the chassis firmware to version 2.20.0000.
INFO>10:45:33.324 ERROR - chassis 10.14.19.202 temperature sensor BP1-3 has reached alarm level(overheating).  Please turn off chassis and check for proper ventilation.
INFO>10:45:36.621 ERROR - 10.14.19.44 The current chassis firmware with version 3.435.0176 is not supported. Please upgrade the chassis firmware to version 2.20.0000.
INFO>10:45:38.949 ERROR - 10.14.19.45 The current chassis firmware with version 3.435.0446 is not supported. Please upgrade the chassis firmware to version 2.20.0000.
INFO>10:46:34.886 ERROR - Detected chassis 10.47.70.30 'bottom' power supply AC failure.  Please check that power supply is plugged in and working properly.
INFO>10:46:34.886 ERROR - Detected chassis 10.47.70.30 'bottom' power supply DC failure.  Please check that power supply is plugged in and working properly.
INFO>10:46:34.886 ERROR - Detected chassis 10.47.70.30 'bottom' power supply low voltage alarm.  Please check power supply.
INFO>10:47:25.120 WARN  - chassis 10.6.2.211 rear left fan has stalled.  Please check fan.
INFO>10:47:25.120 WARN  - chassis 10.6.2.211 front left fan has stalled.  Please check fan.
INFO>10:47:25.120 WARN  - chassis 10.6.2.211 front middle fan has stalled.  Please check fan.
INFO>10:47:58.916 WARN  - chassis 10.61.37.10 front left fan has stalled.  Please check fan.
INFO>10:47:58.916 WARN  - chassis 10.61.37.10 front right fan has stalled.  Please check fan.
